<?xml version="1.0" encoding="UTF-8"?>
<!-- Generated by org.testng.reporters.JUnitReportReporter -->
<testsuite hostname="LIN-5CG1340X4T" failures="0" tests="3" name="tags.Start" time="0.013" errors="0" timestamp="2024-12-04T12:35:16 IST" skipped="0">
  <testcase classname="tags.Start" name="openApp" time="0.009"/>
  <system-out/>
  <testcase classname="tags.Start" name="login" time="0.003"/>
  <system-out/>
  <testcase classname="tags.Start" name="logout" time="0.001"/>
  <system-out/>
</testsuite> <!-- tags.Start -->
