<?xml version="1.0" encoding="UTF-8"?>
<!-- Generated by org.testng.reporters.JUnitReportReporter -->
<testsuite hostname="LIN-5CG1340X4T" failures="0" tests="4" name="tags.DataProviderTest" time="0.012" errors="0" timestamp="2024-12-04T20:54:59 IST" skipped="0">
  <testcase classname="tags.DataProviderTest" name="Login" time="0.002"/>
  <system-out/>
  <testcase classname="tags.DataProviderTest" name="Login" time="0.001"/>
  <system-out/>
  <testcase classname="tags.DataProviderTest" name="Login" time="0.001"/>
  <system-out/>
  <testcase classname="tags.DataProviderTest" name="Login" time="0.008"/>
  <system-out/>
</testsuite> <!-- tags.DataProviderTest -->
