<?xml version="1.0" encoding="UTF-8"?>
<!-- Generated by org.testng.reporters.JUnitReportReporter -->
<testsuite hostname="LIN-5CG01141DX" failures="0" tests="1" name="TagDemo" time="0.020" errors="0" timestamp="2024-02-13T16:19:39 IST" skipped="0">
  <testcase classname="TagDemo" name="f" time="0.020"/>
  <system-out/>
</testsuite> <!-- TagDemo -->
