<?xml version="1.0" encoding="UTF-8"?>
<!-- Generated by org.testng.reporters.JUnitReportReporter -->
<testsuite hostname="LIN-5CG1340X4T" failures="0" tests="4" name="tags.DataProvider.DataProviderTest" time="0.010" errors="0" timestamp="2024-12-09T19:18:56 IST" skipped="0">
  <testcase classname="tags.DataProvider.DataProviderTest" name="Login" time="0.001"/>
  <system-out/>
  <testcase classname="tags.DataProvider.DataProviderTest" name="Login" time="0.001"/>
  <system-out/>
  <testcase classname="tags.DataProvider.DataProviderTest" name="Login" time="0.001"/>
  <system-out/>
  <testcase classname="tags.DataProvider.DataProviderTest" name="Login" time="0.007"/>
  <system-out/>
</testsuite> <!-- tags.DataProvider.DataProviderTest -->
