<?xml version="1.0" encoding="UTF-8"?>
<!-- Generated by org.testng.reporters.JUnitReportReporter -->
<testsuite hostname="LIN-5CG1340X4T" failures="0" tests="1" name="tags.Grouping2" time="0.001" errors="0" timestamp="2024-12-04T14:59:36 IST" skipped="0">
  <testcase classname="tags.Grouping2" name="m7" time="0.001"/>
  <system-out/>
</testsuite> <!-- tags.Grouping2 -->
