<?xml version="1.0" encoding="UTF-8"?>
<!-- Generated by org.testng.reporters.JUnitReportReporter -->
<testsuite hostname="LIN-5CG1340X4T" failures="0" tests="3" name="tags.TagDemo" time="0.010" errors="0" timestamp="2024-12-04T13:01:23 IST" skipped="0">
  <testcase classname="tags.TagDemo" name="login" time="0.005"/>
  <system-out/>
  <testcase classname="tags.TagDemo" name="login2" time="0.003"/>
  <system-out/>
  <testcase classname="tags.TagDemo" name="login1" time="0.002"/>
  <system-out/>
</testsuite> <!-- tags.TagDemo -->
