<?xml version="1.0" encoding="UTF-8"?>
<!-- Generated by org.testng.reporters.JUnitReportReporter -->
<testsuite hostname="LIN-5CG1340X4T" failures="0" tests="2" name="tags.Grouping3" time="0.003" errors="0" timestamp="2024-12-04T14:52:55 IST" skipped="0">
  <testcase classname="tags.Grouping3" name="m10" time="0.001"/>
  <system-out/>
  <testcase classname="tags.Grouping3" name="m12" time="0.002"/>
  <system-out/>
</testsuite> <!-- tags.Grouping3 -->
