<?xml version="1.0" encoding="UTF-8"?>
<!-- Generated by org.testng.reporters.JUnitReportReporter -->
<testsuite hostname="LIN-5CG1340X4T" failures="0" tests="1" name="tags.Grouping" time="0.007" errors="0" timestamp="2024-12-04T14:59:36 IST" skipped="0">
  <testcase classname="tags.Grouping" name="m1" time="0.007"/>
  <system-out/>
</testsuite> <!-- tags.Grouping -->
